<?xml version="1.0" encoding="UTF-8"?>
<testsuite name="CinemaTests" tests="1" skipped="0" failures="0" errors="0" timestamp="2022-09-18T18:44:37" hostname="mi-u6.msk.21-school.ru" time="3.28">
  <properties/>
  <testcase name="start" classname="CinemaTests" time="3.28"/>
  <system-out><![CDATA[?[1;31m
Start test 1?[0m

  .   ____          _            __ _ _
 /\\ / ___'_ __ _ _(_)_ __  __ _ \ \ \ \
( ( )\___ | '_ | '_| | '_ \/ _` | \ \ \ \
 \\/  ___)| |_)| | | | | || (_| |  ) ) ) )
  '  |____| .__|_| |_|_| |_\__, | / / / /
 =========|_|==============|___/=/_/_/_/
 :: Spring Boot ::                (v2.5.6)

2022-09-18 21:44:38.593  INFO 80055 --- [    Test worker] cinema.Main                              : Starting Main using Java 17.0.4.1 on mi-u6.msk.21-school.ru with PID 80055 (started by bjanette in /Users/bjanette/IdeaProjects/Cinema Room REST Service/Cinema Room REST Service/task)
2022-09-18 21:44:38.596  INFO 80055 --- [    Test worker] cinema.Main                              : No active profile set, falling back to default profiles: default
2022-09-18 21:44:39.759  INFO 80055 --- [    Test worker] o.s.b.w.embedded.tomcat.TomcatWebServer  : Tomcat initialized with port(s): 28852 (http)
2022-09-18 21:44:39.771  INFO 80055 --- [    Test worker] o.apache.catalina.core.StandardService   : Starting service [Tomcat]
2022-09-18 21:44:39.771  INFO 80055 --- [    Test worker] org.apache.catalina.core.StandardEngine  : Starting Servlet engine: [Apache Tomcat/9.0.54]
2022-09-18 21:44:39.847  INFO 80055 --- [    Test worker] o.a.c.c.C.[Tomcat].[localhost].[/]       : Initializing Spring embedded WebApplicationContext
2022-09-18 21:44:39.848  INFO 80055 --- [    Test worker] w.s.c.ServletWebServerApplicationContext : Root WebApplicationContext: initialization completed in 1199 ms
2022-09-18 21:44:40.357  INFO 80055 --- [    Test worker] o.s.b.a.e.web.EndpointLinksResolver      : Exposing 14 endpoint(s) beneath base path '/actuator'
2022-09-18 21:44:40.387  INFO 80055 --- [    Test worker] o.s.b.w.embedded.tomcat.TomcatWebServer  : Tomcat started on port(s): 28852 (http) with context path ''
2022-09-18 21:44:40.398  INFO 80055 --- [    Test worker] cinema.Main                              : Started Main in 2.19 seconds (JVM running for 3.106)
2022-09-18 21:44:40.853  INFO 80055 --- [io-28852-exec-1] o.a.c.c.C.[Tomcat].[localhost].[/]       : Initializing Spring DispatcherServlet 'dispatcherServlet'
2022-09-18 21:44:40.853  INFO 80055 --- [io-28852-exec-1] o.s.web.servlet.DispatcherServlet        : Initializing Servlet 'dispatcherServlet'
2022-09-18 21:44:40.854  INFO 80055 --- [io-28852-exec-1] o.s.web.servlet.DispatcherServlet        : Completed initialization in 1 ms
?[1;31m
Start test 2?[0m
?[1;31m
Start test 3?[0m
?[1;31m
Start test 4?[0m
?[1;31m
Start test 5?[0m
?[1;31m
Start test 6?[0m
?[1;31m
Start test 7?[0m
?[1;31m
Start test 8?[0m
?[1;31m
Start test 9?[0m
?[1;31m
Start test 10?[0m
?[1;31m
Start test 11?[0m
?[1;31m
Start test 12?[0m
]]></system-out>
  <system-err><![CDATA[]]></system-err>
</testsuite>
